<?xml version="1.0" encoding="UTF-8"?>
<testsuite xmlns:xsi="http://www.w3.org/2001/XMLSchema-instance" xsi:noNamespaceSchemaLocation="https://maven.apache.org/surefire/maven-surefire-plugin/xsd/surefire-test-report.xsd" name="com.markerhub.vueblog.VueblogApplicationTests" time="11.799" tests="1" errors="0" skipped="0" failures="0">
  <properties>
    <property name="sun.desktop" value="windows"/>
    <property name="awt.toolkit" value="sun.awt.windows.WToolkit"/>
    <property name="file.encoding.pkg" value="sun.io"/>
    <property name="java.specification.version" value="1.8"/>
    <property name="sun.cpu.isalist" value="amd64"/>
    <property name="sun.jnu.encoding" value="GBK"/>
    <property name="java.class.path" value="D:\开源项目\vueblog\vueblog-java\target\test-classes;D:\开源项目\vueblog\vueblog-java\target\classes;D:\Maventools\repository\org\springframework\boot\spring-boot-starter-web\2.7.2\spring-boot-starter-web-2.7.2.jar;D:\Maventools\repository\org\springframework\boot\spring-boot-starter\2.7.2\spring-boot-starter-2.7.2.jar;D:\Maventools\repository\org\springframework\boot\spring-boot-starter-logging\2.7.2\spring-boot-starter-logging-2.7.2.jar;D:\Maventools\repository\ch\qos\logback\logback-classic\1.2.11\logback-classic-1.2.11.jar;D:\Maventools\repository\ch\qos\logback\logback-core\1.2.11\logback-core-1.2.11.jar;D:\Maventools\repository\org\apache\logging\log4j\log4j-to-slf4j\2.17.2\log4j-to-slf4j-2.17.2.jar;D:\Maventools\repository\org\apache\logging\log4j\log4j-api\2.17.2\log4j-api-2.17.2.jar;D:\Maventools\repository\org\slf4j\jul-to-slf4j\1.7.36\jul-to-slf4j-1.7.36.jar;D:\Maventools\repository\jakarta\annotation\jakarta.annotation-api\1.3.5\jakarta.annotation-api-1.3.5.jar;D:\Maventools\repository\org\yaml\snakeyaml\1.30\snakeyaml-1.30.jar;D:\Maventools\repository\org\springframework\boot\spring-boot-starter-json\2.7.2\spring-boot-starter-json-2.7.2.jar;D:\Maventools\repository\com\fasterxml\jackson\datatype\jackson-datatype-jdk8\2.13.3\jackson-datatype-jdk8-2.13.3.jar;D:\Maventools\repository\com\fasterxml\jackson\datatype\jackson-datatype-jsr310\2.13.3\jackson-datatype-jsr310-2.13.3.jar;D:\Maventools\repository\com\fasterxml\jackson\module\jackson-module-parameter-names\2.13.3\jackson-module-parameter-names-2.13.3.jar;D:\Maventools\repository\org\springframework\boot\spring-boot-starter-tomcat\2.7.2\spring-boot-starter-tomcat-2.7.2.jar;D:\Maventools\repository\org\apache\tomcat\embed\tomcat-embed-core\9.0.65\tomcat-embed-core-9.0.65.jar;D:\Maventools\repository\org\apache\tomcat\embed\tomcat-embed-websocket\9.0.65\tomcat-embed-websocket-9.0.65.jar;D:\Maventools\repository\org\springframework\spring-web\5.3.22\spring-web-5.3.22.jar;D:\Maventools\repository\org\springframework\spring-beans\5.3.22\spring-beans-5.3.22.jar;D:\Maventools\repository\org\springframework\spring-webmvc\5.3.22\spring-webmvc-5.3.22.jar;D:\Maventools\repository\org\springframework\spring-aop\5.3.22\spring-aop-5.3.22.jar;D:\Maventools\repository\org\springframework\spring-context\5.3.22\spring-context-5.3.22.jar;D:\Maventools\repository\org\springframework\spring-expression\5.3.22\spring-expression-5.3.22.jar;D:\Maventools\repository\org\springframework\boot\spring-boot-devtools\2.7.2\spring-boot-devtools-2.7.2.jar;D:\Maventools\repository\org\springframework\boot\spring-boot\2.7.2\spring-boot-2.7.2.jar;D:\Maventools\repository\org\springframework\boot\spring-boot-autoconfigure\2.7.2\spring-boot-autoconfigure-2.7.2.jar;D:\Maventools\repository\mysql\mysql-connector-java\8.0.29\mysql-connector-java-8.0.29.jar;D:\Maventools\repository\org\projectlombok\lombok\1.18.24\lombok-1.18.24.jar;D:\Maventools\repository\org\springframework\boot\spring-boot-starter-validation\2.7.2\spring-boot-starter-validation-2.7.2.jar;D:\Maventools\repository\org\apache\tomcat\embed\tomcat-embed-el\9.0.65\tomcat-embed-el-9.0.65.jar;D:\Maventools\repository\org\hibernate\validator\hibernate-validator\6.2.3.Final\hibernate-validator-6.2.3.Final.jar;D:\Maventools\repository\jakarta\validation\jakarta.validation-api\2.0.2\jakarta.validation-api-2.0.2.jar;D:\Maventools\repository\org\jboss\logging\jboss-logging\3.4.3.Final\jboss-logging-3.4.3.Final.jar;D:\Maventools\repository\com\fasterxml\classmate\1.5.1\classmate-1.5.1.jar;D:\Maventools\repository\org\springframework\boot\spring-boot-starter-test\2.7.2\spring-boot-starter-test-2.7.2.jar;D:\Maventools\repository\org\springframework\boot\spring-boot-test\2.7.2\spring-boot-test-2.7.2.jar;D:\Maventools\repository\org\springframework\boot\spring-boot-test-autoconfigure\2.7.2\spring-boot-test-autoconfigure-2.7.2.jar;D:\Maventools\repository\com\jayway\jsonpath\json-path\2.7.0\json-path-2.7.0.jar;D:\Maventools\repository\net\minidev\json-smart\2.4.8\json-smart-2.4.8.jar;D:\Maventools\repository\net\minidev\accessors-smart\2.4.8\accessors-smart-2.4.8.jar;D:\Maventools\repository\org\ow2\asm\asm\9.1\asm-9.1.jar;D:\Maventools\repository\org\slf4j\slf4j-api\1.7.36\slf4j-api-1.7.36.jar;D:\Maventools\repository\jakarta\xml\bind\jakarta.xml.bind-api\2.3.3\jakarta.xml.bind-api-2.3.3.jar;D:\Maventools\repository\jakarta\activation\jakarta.activation-api\1.2.2\jakarta.activation-api-1.2.2.jar;D:\Maventools\repository\org\assertj\assertj-core\3.22.0\assertj-core-3.22.0.jar;D:\Maventools\repository\org\hamcrest\hamcrest\2.2\hamcrest-2.2.jar;D:\Maventools\repository\org\junit\jupiter\junit-jupiter\5.8.2\junit-jupiter-5.8.2.jar;D:\Maventools\repository\org\junit\jupiter\junit-jupiter-api\5.8.2\junit-jupiter-api-5.8.2.jar;D:\Maventools\repository\org\opentest4j\opentest4j\1.2.0\opentest4j-1.2.0.jar;D:\Maventools\repository\org\junit\platform\junit-platform-commons\1.8.2\junit-platform-commons-1.8.2.jar;D:\Maventools\repository\org\apiguardian\apiguardian-api\1.1.2\apiguardian-api-1.1.2.jar;D:\Maventools\repository\org\junit\jupiter\junit-jupiter-params\5.8.2\junit-jupiter-params-5.8.2.jar;D:\Maventools\repository\org\junit\jupiter\junit-jupiter-engine\5.8.2\junit-jupiter-engine-5.8.2.jar;D:\Maventools\repository\org\junit\platform\junit-platform-engine\1.8.2\junit-platform-engine-1.8.2.jar;D:\Maventools\repository\org\mockito\mockito-core\4.5.1\mockito-core-4.5.1.jar;D:\Maventools\repository\net\bytebuddy\byte-buddy\1.12.12\byte-buddy-1.12.12.jar;D:\Maventools\repository\net\bytebuddy\byte-buddy-agent\1.12.12\byte-buddy-agent-1.12.12.jar;D:\Maventools\repository\org\objenesis\objenesis\3.2\objenesis-3.2.jar;D:\Maventools\repository\org\mockito\mockito-junit-jupiter\4.5.1\mockito-junit-jupiter-4.5.1.jar;D:\Maventools\repository\org\skyscreamer\jsonassert\1.5.1\jsonassert-1.5.1.jar;D:\Maventools\repository\com\vaadin\external\google\android-json\0.0.20131108.vaadin1\android-json-0.0.20131108.vaadin1.jar;D:\Maventools\repository\org\springframework\spring-core\5.3.22\spring-core-5.3.22.jar;D:\Maventools\repository\org\springframework\spring-jcl\5.3.22\spring-jcl-5.3.22.jar;D:\Maventools\repository\org\springframework\spring-test\5.3.22\spring-test-5.3.22.jar;D:\Maventools\repository\org\xmlunit\xmlunit-core\2.9.0\xmlunit-core-2.9.0.jar;D:\Maventools\repository\com\baomidou\mybatis-plus-boot-starter\3.2.0\mybatis-plus-boot-starter-3.2.0.jar;D:\Maventools\repository\com\baomidou\mybatis-plus\3.2.0\mybatis-plus-3.2.0.jar;D:\Maventools\repository\org\springframework\boot\spring-boot-starter-jdbc\2.7.2\spring-boot-starter-jdbc-2.7.2.jar;D:\Maventools\repository\com\zaxxer\HikariCP\4.0.3\HikariCP-4.0.3.jar;D:\Maventools\repository\org\springframework\spring-jdbc\5.3.22\spring-jdbc-5.3.22.jar;D:\Maventools\repository\org\springframework\spring-tx\5.3.22\spring-tx-5.3.22.jar;D:\Maventools\repository\org\springframework\boot\spring-boot-starter-freemarker\2.7.2\spring-boot-starter-freemarker-2.7.2.jar;D:\Maventools\repository\org\freemarker\freemarker\2.3.31\freemarker-2.3.31.jar;D:\Maventools\repository\org\springframework\spring-context-support\5.3.22\spring-context-support-5.3.22.jar;D:\Maventools\repository\com\baomidou\mybatis-plus-generator\3.2.0\mybatis-plus-generator-3.2.0.jar;D:\Maventools\repository\com\baomidou\mybatis-plus-extension\3.2.0\mybatis-plus-extension-3.2.0.jar;D:\Maventools\repository\com\baomidou\mybatis-plus-core\3.2.0\mybatis-plus-core-3.2.0.jar;D:\Maventools\repository\com\baomidou\mybatis-plus-annotation\3.2.0\mybatis-plus-annotation-3.2.0.jar;D:\Maventools\repository\com\github\jsqlparser\jsqlparser\2.1\jsqlparser-2.1.jar;D:\Maventools\repository\org\mybatis\mybatis\3.5.2\mybatis-3.5.2.jar;D:\Maventools\repository\org\mybatis\mybatis-spring\2.0.2\mybatis-spring-2.0.2.jar;D:\Maventools\repository\org\crazycake\shiro-redis-spring-boot-starter\3.2.1\shiro-redis-spring-boot-starter-3.2.1.jar;D:\Maventools\repository\org\crazycake\shiro-redis\3.2.0\shiro-redis-3.2.0.jar;D:\Maventools\repository\redis\clients\jedis\3.8.0\jedis-3.8.0.jar;D:\Maventools\repository\org\apache\commons\commons-pool2\2.11.1\commons-pool2-2.11.1.jar;D:\Maventools\repository\org\apache\shiro\shiro-core\1.3.2\shiro-core-1.3.2.jar;D:\Maventools\repository\commons-beanutils\commons-beanutils\1.8.3\commons-beanutils-1.8.3.jar;D:\Maventools\repository\com\puppycrawl\tools\checkstyle\8.3\checkstyle-8.3.jar;D:\Maventools\repository\antlr\antlr\2.7.7\antlr-2.7.7.jar;D:\Maventools\repository\org\antlr\antlr4-runtime\4.7\antlr4-runtime-4.7.jar;D:\Maventools\repository\commons-cli\commons-cli\1.4\commons-cli-1.4.jar;D:\Maventools\repository\com\google\guava\guava\23.0\guava-23.0.jar;D:\Maventools\repository\com\google\code\findbugs\jsr305\1.3.9\jsr305-1.3.9.jar;D:\Maventools\repository\com\google\errorprone\error_prone_annotations\2.0.18\error_prone_annotations-2.0.18.jar;D:\Maventools\repository\com\google\j2objc\j2objc-annotations\1.1\j2objc-annotations-1.1.jar;D:\Maventools\repository\org\codehaus\mojo\animal-sniffer-annotations\1.14\animal-sniffer-annotations-1.14.jar;D:\Maventools\repository\net\sf\saxon\Saxon-HE\9.8.0-4\Saxon-HE-9.8.0-4.jar;D:\Program Files\Java\jdk1.8.0_251\jre\..\lib\tools.jar;D:\Maventools\repository\org\apache\shiro\shiro-spring-boot-web-starter\1.4.0-RC2\shiro-spring-boot-web-starter-1.4.0-RC2.jar;D:\Maventools\repository\org\apache\shiro\shiro-spring\1.4.0-RC2\shiro-spring-1.4.0-RC2.jar;D:\Maventools\repository\org\apache\shiro\shiro-web\1.4.0-RC2\shiro-web-1.4.0-RC2.jar;D:\Maventools\repository\cn\hutool\hutool-all\5.3.3\hutool-all-5.3.3.jar;D:\Maventools\repository\io\jsonwebtoken\jjwt\0.9.1\jjwt-0.9.1.jar;D:\Maventools\repository\com\fasterxml\jackson\core\jackson-databind\2.13.3\jackson-databind-2.13.3.jar;D:\Maventools\repository\com\fasterxml\jackson\core\jackson-annotations\2.13.3\jackson-annotations-2.13.3.jar;D:\Maventools\repository\com\fasterxml\jackson\core\jackson-core\2.13.3\jackson-core-2.13.3.jar;"/>
    <property name="java.vm.vendor" value="Oracle Corporation"/>
    <property name="sun.arch.data.model" value="64"/>
    <property name="user.variant" value=""/>
    <property name="java.vendor.url" value="http://java.oracle.com/"/>
    <property name="user.timezone" value="Asia/Shanghai"/>
    <property name="java.vm.specification.version" value="1.8"/>
    <property name="os.name" value="Windows 10"/>
    <property name="user.country" value="CN"/>
    <property name="sun.java.launcher" value="SUN_STANDARD"/>
    <property name="sun.boot.library.path" value="D:\Program Files\Java\jdk1.8.0_251\jre\bin"/>
    <property name="sun.java.command" value="C:\Users\14434\AppData\Local\Temp\surefire4083456803321808361\surefirebooter1664751459159552810.jar C:\Users\14434\AppData\Local\Temp\surefire4083456803321808361 2022-09-25T22-32-54_217-jvmRun1 surefire34890642596931886tmp surefire_06319797883789845695tmp"/>
    <property name="surefire.test.class.path" value="D:\开源项目\vueblog\vueblog-java\target\test-classes;D:\开源项目\vueblog\vueblog-java\target\classes;D:\Maventools\repository\org\springframework\boot\spring-boot-starter-web\2.7.2\spring-boot-starter-web-2.7.2.jar;D:\Maventools\repository\org\springframework\boot\spring-boot-starter\2.7.2\spring-boot-starter-2.7.2.jar;D:\Maventools\repository\org\springframework\boot\spring-boot-starter-logging\2.7.2\spring-boot-starter-logging-2.7.2.jar;D:\Maventools\repository\ch\qos\logback\logback-classic\1.2.11\logback-classic-1.2.11.jar;D:\Maventools\repository\ch\qos\logback\logback-core\1.2.11\logback-core-1.2.11.jar;D:\Maventools\repository\org\apache\logging\log4j\log4j-to-slf4j\2.17.2\log4j-to-slf4j-2.17.2.jar;D:\Maventools\repository\org\apache\logging\log4j\log4j-api\2.17.2\log4j-api-2.17.2.jar;D:\Maventools\repository\org\slf4j\jul-to-slf4j\1.7.36\jul-to-slf4j-1.7.36.jar;D:\Maventools\repository\jakarta\annotation\jakarta.annotation-api\1.3.5\jakarta.annotation-api-1.3.5.jar;D:\Maventools\repository\org\yaml\snakeyaml\1.30\snakeyaml-1.30.jar;D:\Maventools\repository\org\springframework\boot\spring-boot-starter-json\2.7.2\spring-boot-starter-json-2.7.2.jar;D:\Maventools\repository\com\fasterxml\jackson\datatype\jackson-datatype-jdk8\2.13.3\jackson-datatype-jdk8-2.13.3.jar;D:\Maventools\repository\com\fasterxml\jackson\datatype\jackson-datatype-jsr310\2.13.3\jackson-datatype-jsr310-2.13.3.jar;D:\Maventools\repository\com\fasterxml\jackson\module\jackson-module-parameter-names\2.13.3\jackson-module-parameter-names-2.13.3.jar;D:\Maventools\repository\org\springframework\boot\spring-boot-starter-tomcat\2.7.2\spring-boot-starter-tomcat-2.7.2.jar;D:\Maventools\repository\org\apache\tomcat\embed\tomcat-embed-core\9.0.65\tomcat-embed-core-9.0.65.jar;D:\Maventools\repository\org\apache\tomcat\embed\tomcat-embed-websocket\9.0.65\tomcat-embed-websocket-9.0.65.jar;D:\Maventools\repository\org\springframework\spring-web\5.3.22\spring-web-5.3.22.jar;D:\Maventools\repository\org\springframework\spring-beans\5.3.22\spring-beans-5.3.22.jar;D:\Maventools\repository\org\springframework\spring-webmvc\5.3.22\spring-webmvc-5.3.22.jar;D:\Maventools\repository\org\springframework\spring-aop\5.3.22\spring-aop-5.3.22.jar;D:\Maventools\repository\org\springframework\spring-context\5.3.22\spring-context-5.3.22.jar;D:\Maventools\repository\org\springframework\spring-expression\5.3.22\spring-expression-5.3.22.jar;D:\Maventools\repository\org\springframework\boot\spring-boot-devtools\2.7.2\spring-boot-devtools-2.7.2.jar;D:\Maventools\repository\org\springframework\boot\spring-boot\2.7.2\spring-boot-2.7.2.jar;D:\Maventools\repository\org\springframework\boot\spring-boot-autoconfigure\2.7.2\spring-boot-autoconfigure-2.7.2.jar;D:\Maventools\repository\mysql\mysql-connector-java\8.0.29\mysql-connector-java-8.0.29.jar;D:\Maventools\repository\org\projectlombok\lombok\1.18.24\lombok-1.18.24.jar;D:\Maventools\repository\org\springframework\boot\spring-boot-starter-validation\2.7.2\spring-boot-starter-validation-2.7.2.jar;D:\Maventools\repository\org\apache\tomcat\embed\tomcat-embed-el\9.0.65\tomcat-embed-el-9.0.65.jar;D:\Maventools\repository\org\hibernate\validator\hibernate-validator\6.2.3.Final\hibernate-validator-6.2.3.Final.jar;D:\Maventools\repository\jakarta\validation\jakarta.validation-api\2.0.2\jakarta.validation-api-2.0.2.jar;D:\Maventools\repository\org\jboss\logging\jboss-logging\3.4.3.Final\jboss-logging-3.4.3.Final.jar;D:\Maventools\repository\com\fasterxml\classmate\1.5.1\classmate-1.5.1.jar;D:\Maventools\repository\org\springframework\boot\spring-boot-starter-test\2.7.2\spring-boot-starter-test-2.7.2.jar;D:\Maventools\repository\org\springframework\boot\spring-boot-test\2.7.2\spring-boot-test-2.7.2.jar;D:\Maventools\repository\org\springframework\boot\spring-boot-test-autoconfigure\2.7.2\spring-boot-test-autoconfigure-2.7.2.jar;D:\Maventools\repository\com\jayway\jsonpath\json-path\2.7.0\json-path-2.7.0.jar;D:\Maventools\repository\net\minidev\json-smart\2.4.8\json-smart-2.4.8.jar;D:\Maventools\repository\net\minidev\accessors-smart\2.4.8\accessors-smart-2.4.8.jar;D:\Maventools\repository\org\ow2\asm\asm\9.1\asm-9.1.jar;D:\Maventools\repository\org\slf4j\slf4j-api\1.7.36\slf4j-api-1.7.36.jar;D:\Maventools\repository\jakarta\xml\bind\jakarta.xml.bind-api\2.3.3\jakarta.xml.bind-api-2.3.3.jar;D:\Maventools\repository\jakarta\activation\jakarta.activation-api\1.2.2\jakarta.activation-api-1.2.2.jar;D:\Maventools\repository\org\assertj\assertj-core\3.22.0\assertj-core-3.22.0.jar;D:\Maventools\repository\org\hamcrest\hamcrest\2.2\hamcrest-2.2.jar;D:\Maventools\repository\org\junit\jupiter\junit-jupiter\5.8.2\junit-jupiter-5.8.2.jar;D:\Maventools\repository\org\junit\jupiter\junit-jupiter-api\5.8.2\junit-jupiter-api-5.8.2.jar;D:\Maventools\repository\org\opentest4j\opentest4j\1.2.0\opentest4j-1.2.0.jar;D:\Maventools\repository\org\junit\platform\junit-platform-commons\1.8.2\junit-platform-commons-1.8.2.jar;D:\Maventools\repository\org\apiguardian\apiguardian-api\1.1.2\apiguardian-api-1.1.2.jar;D:\Maventools\repository\org\junit\jupiter\junit-jupiter-params\5.8.2\junit-jupiter-params-5.8.2.jar;D:\Maventools\repository\org\junit\jupiter\junit-jupiter-engine\5.8.2\junit-jupiter-engine-5.8.2.jar;D:\Maventools\repository\org\junit\platform\junit-platform-engine\1.8.2\junit-platform-engine-1.8.2.jar;D:\Maventools\repository\org\mockito\mockito-core\4.5.1\mockito-core-4.5.1.jar;D:\Maventools\repository\net\bytebuddy\byte-buddy\1.12.12\byte-buddy-1.12.12.jar;D:\Maventools\repository\net\bytebuddy\byte-buddy-agent\1.12.12\byte-buddy-agent-1.12.12.jar;D:\Maventools\repository\org\objenesis\objenesis\3.2\objenesis-3.2.jar;D:\Maventools\repository\org\mockito\mockito-junit-jupiter\4.5.1\mockito-junit-jupiter-4.5.1.jar;D:\Maventools\repository\org\skyscreamer\jsonassert\1.5.1\jsonassert-1.5.1.jar;D:\Maventools\repository\com\vaadin\external\google\android-json\0.0.20131108.vaadin1\android-json-0.0.20131108.vaadin1.jar;D:\Maventools\repository\org\springframework\spring-core\5.3.22\spring-core-5.3.22.jar;D:\Maventools\repository\org\springframework\spring-jcl\5.3.22\spring-jcl-5.3.22.jar;D:\Maventools\repository\org\springframework\spring-test\5.3.22\spring-test-5.3.22.jar;D:\Maventools\repository\org\xmlunit\xmlunit-core\2.9.0\xmlunit-core-2.9.0.jar;D:\Maventools\repository\com\baomidou\mybatis-plus-boot-starter\3.2.0\mybatis-plus-boot-starter-3.2.0.jar;D:\Maventools\repository\com\baomidou\mybatis-plus\3.2.0\mybatis-plus-3.2.0.jar;D:\Maventools\repository\org\springframework\boot\spring-boot-starter-jdbc\2.7.2\spring-boot-starter-jdbc-2.7.2.jar;D:\Maventools\repository\com\zaxxer\HikariCP\4.0.3\HikariCP-4.0.3.jar;D:\Maventools\repository\org\springframework\spring-jdbc\5.3.22\spring-jdbc-5.3.22.jar;D:\Maventools\repository\org\springframework\spring-tx\5.3.22\spring-tx-5.3.22.jar;D:\Maventools\repository\org\springframework\boot\spring-boot-starter-freemarker\2.7.2\spring-boot-starter-freemarker-2.7.2.jar;D:\Maventools\repository\org\freemarker\freemarker\2.3.31\freemarker-2.3.31.jar;D:\Maventools\repository\org\springframework\spring-context-support\5.3.22\spring-context-support-5.3.22.jar;D:\Maventools\repository\com\baomidou\mybatis-plus-generator\3.2.0\mybatis-plus-generator-3.2.0.jar;D:\Maventools\repository\com\baomidou\mybatis-plus-extension\3.2.0\mybatis-plus-extension-3.2.0.jar;D:\Maventools\repository\com\baomidou\mybatis-plus-core\3.2.0\mybatis-plus-core-3.2.0.jar;D:\Maventools\repository\com\baomidou\mybatis-plus-annotation\3.2.0\mybatis-plus-annotation-3.2.0.jar;D:\Maventools\repository\com\github\jsqlparser\jsqlparser\2.1\jsqlparser-2.1.jar;D:\Maventools\repository\org\mybatis\mybatis\3.5.2\mybatis-3.5.2.jar;D:\Maventools\repository\org\mybatis\mybatis-spring\2.0.2\mybatis-spring-2.0.2.jar;D:\Maventools\repository\org\crazycake\shiro-redis-spring-boot-starter\3.2.1\shiro-redis-spring-boot-starter-3.2.1.jar;D:\Maventools\repository\org\crazycake\shiro-redis\3.2.0\shiro-redis-3.2.0.jar;D:\Maventools\repository\redis\clients\jedis\3.8.0\jedis-3.8.0.jar;D:\Maventools\repository\org\apache\commons\commons-pool2\2.11.1\commons-pool2-2.11.1.jar;D:\Maventools\repository\org\apache\shiro\shiro-core\1.3.2\shiro-core-1.3.2.jar;D:\Maventools\repository\commons-beanutils\commons-beanutils\1.8.3\commons-beanutils-1.8.3.jar;D:\Maventools\repository\com\puppycrawl\tools\checkstyle\8.3\checkstyle-8.3.jar;D:\Maventools\repository\antlr\antlr\2.7.7\antlr-2.7.7.jar;D:\Maventools\repository\org\antlr\antlr4-runtime\4.7\antlr4-runtime-4.7.jar;D:\Maventools\repository\commons-cli\commons-cli\1.4\commons-cli-1.4.jar;D:\Maventools\repository\com\google\guava\guava\23.0\guava-23.0.jar;D:\Maventools\repository\com\google\code\findbugs\jsr305\1.3.9\jsr305-1.3.9.jar;D:\Maventools\repository\com\google\errorprone\error_prone_annotations\2.0.18\error_prone_annotations-2.0.18.jar;D:\Maventools\repository\com\google\j2objc\j2objc-annotations\1.1\j2objc-annotations-1.1.jar;D:\Maventools\repository\org\codehaus\mojo\animal-sniffer-annotations\1.14\animal-sniffer-annotations-1.14.jar;D:\Maventools\repository\net\sf\saxon\Saxon-HE\9.8.0-4\Saxon-HE-9.8.0-4.jar;D:\Program Files\Java\jdk1.8.0_251\jre\..\lib\tools.jar;D:\Maventools\repository\org\apache\shiro\shiro-spring-boot-web-starter\1.4.0-RC2\shiro-spring-boot-web-starter-1.4.0-RC2.jar;D:\Maventools\repository\org\apache\shiro\shiro-spring\1.4.0-RC2\shiro-spring-1.4.0-RC2.jar;D:\Maventools\repository\org\apache\shiro\shiro-web\1.4.0-RC2\shiro-web-1.4.0-RC2.jar;D:\Maventools\repository\cn\hutool\hutool-all\5.3.3\hutool-all-5.3.3.jar;D:\Maventools\repository\io\jsonwebtoken\jjwt\0.9.1\jjwt-0.9.1.jar;D:\Maventools\repository\com\fasterxml\jackson\core\jackson-databind\2.13.3\jackson-databind-2.13.3.jar;D:\Maventools\repository\com\fasterxml\jackson\core\jackson-annotations\2.13.3\jackson-annotations-2.13.3.jar;D:\Maventools\repository\com\fasterxml\jackson\core\jackson-core\2.13.3\jackson-core-2.13.3.jar;"/>
    <property name="sun.cpu.endian" value="little"/>
    <property name="user.home" value="C:\Users\14434"/>
    <property name="user.language" value="zh"/>
    <property name="java.specification.vendor" value="Oracle Corporation"/>
    <property name="java.home" value="D:\Program Files\Java\jdk1.8.0_251\jre"/>
    <property name="basedir" value="D:\开源项目\vueblog\vueblog-java"/>
    <property name="file.separator" value="\"/>
    <property name="line.separator" value="&#10;"/>
    <property name="java.vm.specification.vendor" value="Oracle Corporation"/>
    <property name="java.specification.name" value="Java Platform API Specification"/>
    <property name="java.awt.graphicsenv" value="sun.awt.Win32GraphicsEnvironment"/>
    <property name="surefire.real.class.path" value="C:\Users\14434\AppData\Local\Temp\surefire4083456803321808361\surefirebooter1664751459159552810.jar"/>
    <property name="sun.boot.class.path" value="D:\Program Files\Java\jdk1.8.0_251\jre\lib\resources.jar;D:\Program Files\Java\jdk1.8.0_251\jre\lib\rt.jar;D:\Program Files\Java\jdk1.8.0_251\jre\lib\sunrsasign.jar;D:\Program Files\Java\jdk1.8.0_251\jre\lib\jsse.jar;D:\Program Files\Java\jdk1.8.0_251\jre\lib\jce.jar;D:\Program Files\Java\jdk1.8.0_251\jre\lib\charsets.jar;D:\Program Files\Java\jdk1.8.0_251\jre\lib\jfr.jar;D:\Program Files\Java\jdk1.8.0_251\jre\classes"/>
    <property name="user.script" value=""/>
    <property name="sun.management.compiler" value="HotSpot 64-Bit Tiered Compilers"/>
    <property name="java.runtime.version" value="1.8.0_251-b08"/>
    <property name="user.name" value="14434"/>
    <property name="path.separator" value=";"/>
    <property name="os.version" value="10.0"/>
    <property name="java.endorsed.dirs" value="D:\Program Files\Java\jdk1.8.0_251\jre\lib\endorsed"/>
    <property name="java.runtime.name" value="Java(TM) SE Runtime Environment"/>
    <property name="file.encoding" value="GBK"/>
    <property name="java.vm.name" value="Java HotSpot(TM) 64-Bit Server VM"/>
    <property name="localRepository" value="D:\Maventools\repository"/>
    <property name="java.vendor.url.bug" value="http://bugreport.sun.com/bugreport/"/>
    <property name="java.io.tmpdir" value="C:\Users\14434\AppData\Local\Temp\"/>
    <property name="idea.version" value="2021.2.3"/>
    <property name="java.version" value="1.8.0_251"/>
    <property name="user.dir" value="D:\开源项目\vueblog\vueblog-java"/>
    <property name="os.arch" value="amd64"/>
    <property name="java.vm.specification.name" value="Java Virtual Machine Specification"/>
    <property name="java.awt.printerjob" value="sun.awt.windows.WPrinterJob"/>
    <property name="sun.os.patch.level" value=""/>
    <property name="java.library.path" value="D:\Program Files\Java\jdk1.8.0_251\jre\bin;C:\WINDOWS\Sun\Java\bin;C:\WINDOWS\system32;C:\WINDOWS;C:\Program Files (x86)\Common Files\Oracle\Java\javapath;C:\WINDOWS\system32;C:\WINDOWS;C:\WINDOWS\System32\Wbem;C:\WINDOWS\System32\WindowsPowerShell\v1.0\;C:\WINDOWS\System32\OpenSSH\;D:\apache-maven-3.8.4\bin\;C:\Program Files\dotnet\;D:\Git\cmd;D:\nodejs\;C:\Users\14434\AppData\Local\Microsoft\WindowsApps;D:\QQGameTempest\Hall.57795\;C:\Users\14434\AppData\Roaming\npm;D:\Microsoft VS Code\bin;."/>
    <property name="java.vm.info" value="mixed mode"/>
    <property name="java.vendor" value="Oracle Corporation"/>
    <property name="java.vm.version" value="25.251-b08"/>
    <property name="java.ext.dirs" value="D:\Program Files\Java\jdk1.8.0_251\jre\lib\ext;C:\WINDOWS\Sun\Java\lib\ext"/>
    <property name="sun.io.unicode.encoding" value="UnicodeLittle"/>
    <property name="maven.repo.local" value="D:\Maventools\repository"/>
    <property name="java.class.version" value="52.0"/>
  </properties>
  <testcase name="contextLoads" classname="com.markerhub.vueblog.VueblogApplicationTests" time="0.864"/>
</testsuite>